2025-06-02T08:30:03.639Z DEBUG RegistrationParameters: port=28196
2025-06-02T08:30:03.642Z DEBUG RegistrationParameters: pluginUUID=4d5f963e3a8106a0b29b4e93de56d9d3
2025-06-02T08:30:03.643Z DEBUG RegistrationParameters: registerEvent=registerPlugin
2025-06-02T08:30:03.644Z DEBUG RegistrationParameters: info={"application":{"font":"Segoe UI","language":"en","platform":"windows","platformVersion":"10.0.22631","version":"7.0.0.21800"},"colors":{"buttonMouseOverBackgroundColor":"#464646FF","buttonPressedBackgroundColor":"#303030FF","buttonPressedBorderColor":"#646464FF","buttonPressedTextColor":"#969696FF","highlightColor":"#0078FFFF"},"devicePixelRatio":1,"devices":[{"id":"6ddb2208120226d2099d1d8de9d25bb2","name":"Stream Deck +","size":{"columns":4,"rows":2},"type":7},{"id":"75c7d09c108fe75225839f74d4f1d20d","name":"Stream Deck","size":{"columns":8,"rows":4},"type":2}],"plugin":{"uuid":"com.sander-van-de-wiel.loxone","version":"0.1.0.0"}}
2025-06-02T08:30:11.890Z TRACE Connection: {"device":"6ddb2208120226d2099d1d8de9d25bb2","deviceInfo":{"name":"Stream Deck +","size":{"columns":4,"rows":2},"type":7},"event":"deviceDidConnect"}
2025-06-02T08:30:20.284Z TRACE Connection: {"action":"com.sander-van-de-wiel.loxone.increment","context":"cde5e3d9378b1c43382258799076fa58","device":"6ddb2208120226d2099d1d8de9d25bb2","event":"willAppear","payload":{"controller":"Keypad","coordinates":{"column":3,"row":0},"isInMultiAction":false,"settings":{}}}
2025-06-02T08:30:20.286Z TRACE Connection: {"action":"com.sander-van-de-wiel.loxone.increment","context":"cde5e3d9378b1c43382258799076fa58","device":"6ddb2208120226d2099d1d8de9d25bb2","event":"titleParametersDidChange","payload":{"controller":"Keypad","coordinates":{"column":3,"row":0},"settings":{},"state":0,"title":"","titleParameters":{"fontFamily":"","fontSize":9,"fontStyle":"","fontUnderline":false,"showTitle":true,"titleAlignment":"middle","titleColor":"#ffffff"}}}
2025-06-02T08:30:20.287Z TRACE Connection: {"event":"setTitle","context":"cde5e3d9378b1c43382258799076fa58","payload":{"title":"0"}}
2025-06-02T08:30:20.884Z TRACE Connection: {"action":"com.sander-van-de-wiel.loxone.increment","context":"cde5e3d9378b1c43382258799076fa58","device":"6ddb2208120226d2099d1d8de9d25bb2","event":"propertyInspectorDidAppear"}
2025-06-02T08:30:23.164Z TRACE Connection: {"action":"com.sander-van-de-wiel.loxone.increment","context":"cde5e3d9378b1c43382258799076fa58","device":"6ddb2208120226d2099d1d8de9d25bb2","event":"didReceiveSettings","payload":{"controller":"Keypad","coordinates":{"column":3,"row":0},"isInMultiAction":false,"settings":{"incrementBy":2}}}
2025-06-02T08:30:24.786Z TRACE Connection: {"action":"com.sander-van-de-wiel.loxone.increment","context":"cde5e3d9378b1c43382258799076fa58","device":"6ddb2208120226d2099d1d8de9d25bb2","event":"keyDown","payload":{"coordinates":{"column":3,"row":0},"isInMultiAction":false,"settings":{"incrementBy":2}}}
2025-06-02T08:30:24.787Z TRACE Connection: {"event":"setSettings","context":"cde5e3d9378b1c43382258799076fa58","payload":{"incrementBy":2,"count":2}}
2025-06-02T08:30:24.788Z TRACE Connection: {"event":"setTitle","context":"cde5e3d9378b1c43382258799076fa58","payload":{"title":"2"}}
2025-06-02T08:30:24.842Z TRACE Connection: {"action":"com.sander-van-de-wiel.loxone.increment","context":"cde5e3d9378b1c43382258799076fa58","device":"6ddb2208120226d2099d1d8de9d25bb2","event":"keyUp","payload":{"coordinates":{"column":3,"row":0},"isInMultiAction":false,"settings":{"count":2,"incrementBy":2}}}
2025-06-02T08:30:26.330Z TRACE Connection: {"action":"com.sander-van-de-wiel.loxone.increment","context":"cde5e3d9378b1c43382258799076fa58","device":"6ddb2208120226d2099d1d8de9d25bb2","event":"didReceiveSettings","payload":{"controller":"Keypad","coordinates":{"column":3,"row":0},"isInMultiAction":false,"settings":{"count":2,"incrementBy":3}}}
2025-06-02T08:30:26.941Z TRACE Connection: {"action":"com.sander-van-de-wiel.loxone.increment","context":"cde5e3d9378b1c43382258799076fa58","device":"6ddb2208120226d2099d1d8de9d25bb2","event":"keyDown","payload":{"coordinates":{"column":3,"row":0},"isInMultiAction":false,"settings":{"count":2,"incrementBy":3}}}
2025-06-02T08:30:26.941Z TRACE Connection: {"event":"setSettings","context":"cde5e3d9378b1c43382258799076fa58","payload":{"count":5,"incrementBy":3}}
2025-06-02T08:30:26.942Z TRACE Connection: {"event":"setTitle","context":"cde5e3d9378b1c43382258799076fa58","payload":{"title":"5"}}
2025-06-02T08:30:27.003Z TRACE Connection: {"action":"com.sander-van-de-wiel.loxone.increment","context":"cde5e3d9378b1c43382258799076fa58","device":"6ddb2208120226d2099d1d8de9d25bb2","event":"keyUp","payload":{"coordinates":{"column":3,"row":0},"isInMultiAction":false,"settings":{"count":5,"incrementBy":3}}}
2025-06-02T08:30:34.295Z TRACE Connection: {"action":"com.sander-van-de-wiel.loxone.increment","context":"cde5e3d9378b1c43382258799076fa58","device":"6ddb2208120226d2099d1d8de9d25bb2","event":"willDisappear","payload":{"controller":"Keypad","coordinates":{"column":3,"row":0},"isInMultiAction":false,"settings":{"count":5,"incrementBy":3}}}
2025-06-02T08:30:34.296Z TRACE Connection: {"action":"com.sander-van-de-wiel.loxone.increment","context":"cde5e3d9378b1c43382258799076fa58","device":"6ddb2208120226d2099d1d8de9d25bb2","event":"propertyInspectorDidDisappear"}
